<?xml version="1.0" encoding="UTF-8"?>
<!-- Generated by org.testng.reporters.JUnitXMLReporter -->
<testsuite ignored="4" hostname="MacBooks-MBP" failures="0" tests="4" name="Car loan" time="0.062" errors="0" timestamp="2023-04-30T01:35:46 CEST">
  <testcase classname="testng1.day2" name="ApiLogin" time="0.006"/>
  <testcase classname="testng1.day2" name="ApiLogin" time="0.012"/>
  <testcase classname="testng1.day2" name="ApiLogin" time="0.003"/>
  <testcase classname="testng1.day2" name="WebLogin" time="0.002"/>
  <testcase classname="testng1.day2" name="MobileLogin" time="0.0">
    <ignored/>
  </testcase> <!-- MobileLogin -->
  <testcase classname="testng1.day2" name="MobileLogin3" time="0.0">
    <ignored/>
  </testcase> <!-- MobileLogin3 -->
  <testcase classname="testng1.day2" name="MobileLogin1" time="0.0">
    <ignored/>
  </testcase> <!-- MobileLogin1 -->
  <testcase classname="testng1.day2" name="MobileLogin2" time="0.0">
    <ignored/>
  </testcase> <!-- MobileLogin2 -->
</testsuite> <!-- Car loan -->
