<?xml version="1.0" encoding="UTF-8"?>
<!-- Generated by org.testng.reporters.JUnitXMLReporter -->
<testsuite ignored="0" hostname="MacBooks-MBP" failures="0" tests="6" name="Car loan" time="0.253" errors="0" timestamp="2023-04-28T15:31:14 CEST">
  <testcase classname="testng1.day2" name="WebLogin" time="0.002"/>
  <testcase classname="testng1.day2" name="ApiLogin" time="0.006"/>
  <testcase classname="testng1.day2" name="MobileLogin1" time="0.002"/>
  <testcase classname="testng1.day2" name="MobileLogin2" time="0.042"/>
  <testcase classname="testng1.day2" name="MobileLogin3" time="0.003"/>
  <testcase classname="testng1.day2" name="MobileLogin" time="0.049"/>
</testsuite> <!-- Car loan -->
