<?xml version="1.0" encoding="UTF-8"?>
<!-- Generated by org.testng.reporters.JUnitXMLReporter -->
<testsuite ignored="1" hostname="MacBooks-MBP" failures="0" tests="5" name="Personal loan" time="0.26" errors="0" timestamp="2023-04-28T15:31:13 CEST">
  <testcase classname="testng1.Day" name="demo" time="0.031"/>
  <testcase classname="testng1.day1" name="demo" time="0.015"/>
  <testcase classname="testng1.day3" name="ApiLoginHome" time="0.06"/>
  <testcase classname="testng1.day3" name="MobileLoginHome" time="0.007"/>
  <testcase classname="testng1.day3" name="WebLoginHome" time="0.006"/>
  <testcase classname="testng1.Day" name="demo2" time="0.0">
    <ignored/>
  </testcase> <!-- demo2 -->
</testsuite> <!-- Personal loan -->
