<?xml version="1.0" encoding="UTF-8"?>
<!-- Generated by org.testng.reporters.JUnitXMLReporter -->
<testsuite ignored="1" hostname="MacBooks-MBP" failures="0" tests="5" name="Personal loan" time="0.119" errors="0" timestamp="2023-04-30T01:35:46 CEST">
  <testcase classname="testng1.Day" name="demo" time="0.011"/>
  <testcase classname="testng1.day1" name="demo" time="0.002"/>
  <testcase classname="testng1.day3" name="ApiLoginHome" time="0.024"/>
  <testcase classname="testng1.day3" name="MobileLoginHome" time="0.004"/>
  <testcase classname="testng1.day3" name="WebLoginHome" time="0.002"/>
  <testcase classname="testng1.Day" name="demo2" time="0.0">
    <ignored/>
  </testcase> <!-- demo2 -->
</testsuite> <!-- Personal loan -->
