<?xml version="1.0" encoding="UTF-8"?>
<!-- Generated by org.testng.reporters.JUnitXMLReporter -->
<testsuite ignored="0" hostname="MacBooks-MBP" failures="1" tests="8" name="Car loan" time="0.162" errors="0" timestamp="2023-04-28T23:06:54 CEST">
  <testcase classname="testng1.day2" name="ApiLogin" time="0.03"/>
  <testcase classname="testng1.day2" name="ApiLogin" time="0.001"/>
  <testcase classname="testng1.day2" name="ApiLogin" time="0.014"/>
  <testcase classname="testng1.day2" name="WebLogin" time="0.006"/>
  <testcase classname="testng1.day2" name="MobileLogin1" time="0.006"/>
  <testcase classname="testng1.day2" name="MobileLogin2" time="0.004">
    <failure type="java.lang.AssertionError" message="expected [true] but found [false]">
      <![CDATA[java.lang.AssertionError: expected [true] but found [false]
at testng1.day2.MobileLogin2(day2.java:57)
at java.base/java.util.ArrayList.forEach(ArrayList.java:1511)
... Removed 29 stack frames]]>
    </failure>
  </testcase> <!-- MobileLogin2 -->
  <testcase classname="testng1.day2" name="MobileLogin3" time="0.001"/>
  <testcase classname="testng1.day2" name="MobileLogin" time="0.001"/>
</testsuite> <!-- Car loan -->
