<?xml version="1.0" encoding="UTF-8"?>
<!-- Generated by org.testng.reporters.JUnitXMLReporter -->
<testsuite ignored="1" hostname="MacBooks-MBP" failures="0" tests="5" name="Personal loan" time="0.188" errors="0" timestamp="2023-04-28T23:06:54 CEST">
  <testcase classname="testng1.Day" name="demo" time="0.016"/>
  <testcase classname="testng1.day1" name="demo" time="0.005"/>
  <testcase classname="testng1.day3" name="ApiLoginHome" time="0.059"/>
  <testcase classname="testng1.day3" name="MobileLoginHome" time="0.003"/>
  <testcase classname="testng1.day3" name="WebLoginHome" time="0.002"/>
  <testcase classname="testng1.Day" name="demo2" time="0.0">
    <ignored/>
  </testcase> <!-- demo2 -->
</testsuite> <!-- Personal loan -->
