<?xml version="1.0" encoding="UTF-8"?>
<!-- Generated by org.testng.reporters.JUnitXMLReporter -->
<testsuite ignored="9" hostname="MacBooks-MBP" failures="0" tests="3" name="RegressionTest" time="0.124" errors="0" timestamp="2023-04-28T15:00:16 CEST">
  <testcase classname="testng1.Day" name="demo" time="0.018"/>
  <testcase classname="testng1.day1" name="demo" time="0.002"/>
  <testcase classname="testng1.day2" name="WebLogin" time="0.002"/>
  <testcase classname="testng1.day3" name="WebLoginHome" time="0.0">
    <ignored/>
  </testcase> <!-- WebLoginHome -->
  <testcase classname="testng1.Day" name="demo2" time="0.0">
    <ignored/>
  </testcase> <!-- demo2 -->
  <testcase classname="testng1.day2" name="MobileLogin" time="0.0">
    <ignored/>
  </testcase> <!-- MobileLogin -->
  <testcase classname="testng1.day2" name="ApiLogin" time="0.0">
    <ignored/>
  </testcase> <!-- ApiLogin -->
  <testcase classname="testng1.day2" name="MobileLogin3" time="0.0">
    <ignored/>
  </testcase> <!-- MobileLogin3 -->
  <testcase classname="testng1.day2" name="MobileLogin1" time="0.0">
    <ignored/>
  </testcase> <!-- MobileLogin1 -->
  <testcase classname="testng1.day3" name="ApiLoginHome" time="0.0">
    <ignored/>
  </testcase> <!-- ApiLoginHome -->
  <testcase classname="testng1.day2" name="MobileLogin2" time="0.0">
    <ignored/>
  </testcase> <!-- MobileLogin2 -->
  <testcase classname="testng1.day3" name="MobileLoginHome" time="0.0">
    <ignored/>
  </testcase> <!-- MobileLoginHome -->
</testsuite> <!-- RegressionTest -->
