<?xml version="1.0" encoding="UTF-8"?>
<testng-results ignored="0" total="1" passed="1" failed="0" skipped="0">
  <reporter-output>
  </reporter-output>
  <suite started-at="2023-04-30T20:40:44 CEST" name="Default suite" finished-at="2023-04-30T20:40:44 CEST" duration-ms="151">
    <groups>
    </groups>
    <test started-at="2023-04-30T20:40:44 CEST" name="Default test" finished-at="2023-04-30T20:40:44 CEST" duration-ms="151">
      <class name="testCore.PS1">
        <test-method is-config="true" signature="beforeRun()[pri:0, instance:testCore.PS1@6107227e]" started-at="2023-04-30T20:40:44 CEST" name="beforeRun" finished-at="2023-04-30T20:40:44 CEST" duration-ms="8" status="PASS">
          <reporter-output>
          </reporter-output>
        </test-method> <!-- beforeRun -->
        <test-method signature="testRun()[pri:0, instance:testCore.PS1@6107227e]" started-at="2023-04-30T20:40:44 CEST" name="testRun" finished-at="2023-04-30T20:40:44 CEST" duration-ms="13" status="PASS">
          <reporter-output>
          </reporter-output>
        </test-method> <!-- testRun -->
        <test-method is-config="true" signature="afterRun()[pri:0, instance:testCore.PS1@6107227e]" started-at="2023-04-30T20:40:44 CEST" name="afterRun" finished-at="2023-04-30T20:40:44 CEST" duration-ms="1" status="PASS">
          <reporter-output>
          </reporter-output>
        </test-method> <!-- afterRun -->
      </class> <!-- testCore.PS1 -->
    </test> <!-- Default test -->
  </suite> <!-- Default suite -->
</testng-results>
